[Thu Jun 07 14:11:40.657566 2012] [mpm_winnt:notice] [pid 5064:tid 568] AH00455: Apache/2.4.2 (Win32) PHP/5.4.0 configured -- resuming normal operations
[Thu Jun 07 14:11:40.657566 2012] [mpm_winnt:notice] [pid 5064:tid 568] AH00456: Server built: Apr  7 2012 13:58:11
[Thu Jun 07 14:11:40.657566 2012] [core:notice] [pid 5064:tid 568] AH00094: Command line: 'W:\\usr\\local\\apache2\\bin\\httpd1.exe -d W:/usr/local/apache2 -f W:\\\\usr\\local\\apache2\\conf\\httpd.conf -d W:\\\\usr\\local\\apache2'
[Thu Jun 07 14:11:40.658564 2012] [mpm_winnt:notice] [pid 5064:tid 568] AH00418: Parent: Created child process 4116
[Thu Jun 07 14:11:40.999691 2012] [mpm_winnt:notice] [pid 4116:tid 620] AH00354: Child: Starting 64 worker threads.
[Thu Jun 07 17:20:31.336639 2012] [mpm_winnt:notice] [pid 6120:tid 580] AH00455: Apache/2.4.2 (Win32) PHP/5.4.0 configured -- resuming normal operations
[Thu Jun 07 17:20:31.336639 2012] [mpm_winnt:notice] [pid 6120:tid 580] AH00456: Server built: Apr  7 2012 13:58:11
[Thu Jun 07 17:20:31.336639 2012] [core:notice] [pid 6120:tid 580] AH00094: Command line: 'W:\\usr\\local\\apache2\\bin\\httpd1.exe -d W:/usr/local/apache2 -f W:\\\\usr\\local\\apache2\\conf\\httpd.conf -d W:\\\\usr\\local\\apache2'
[Thu Jun 07 17:20:31.337638 2012] [mpm_winnt:notice] [pid 6120:tid 580] AH00418: Parent: Created child process 6052
[Thu Jun 07 17:20:31.713242 2012] [mpm_winnt:notice] [pid 6052:tid 580] AH00354: Child: Starting 64 worker threads.
[Thu Jun 07 20:58:04.025714 2012] [mpm_winnt:notice] [pid 4272:tid 584] AH00455: Apache/2.4.2 (Win32) PHP/5.4.0 configured -- resuming normal operations
[Thu Jun 07 20:58:04.025714 2012] [mpm_winnt:notice] [pid 4272:tid 584] AH00456: Server built: Apr  7 2012 13:58:11
[Thu Jun 07 20:58:04.025714 2012] [core:notice] [pid 4272:tid 584] AH00094: Command line: 'W:\\usr\\local\\apache2\\bin\\httpd1.exe -d W:/usr/local/apache2 -f W:\\\\usr\\local\\apache2\\conf\\httpd.conf -d W:\\\\usr\\local\\apache2'
[Thu Jun 07 20:58:04.027712 2012] [mpm_winnt:notice] [pid 4272:tid 584] AH00418: Parent: Created child process 1412
[Thu Jun 07 20:58:04.439278 2012] [mpm_winnt:notice] [pid 1412:tid 328] AH00354: Child: Starting 64 worker threads.
[Thu Jun 07 20:58:07.015975 2012] [:error] [pid 1412:tid 1104] [client 127.0.0.1:10625] PHP Warning:  mysqli::mysqli(): (HY000/1049): Unknown database 'moodle' in W:\\www\\moodle\\lib\\dml\\mysqli_native_moodle_database.php on line 296, referer: http://localhost:4001/RU/index.shtml
[Thu Jun 07 20:58:07.143835 2012] [:error] [pid 1412:tid 1104] [client 127.0.0.1:10625] PHP Warning:  mysqli::close(): Couldn't fetch mysqli in W:\\www\\moodle\\lib\\dml\\mysqli_native_moodle_database.php on line 336, referer: http://localhost:4001/RU/index.shtml
[Thu Jun 07 20:58:12.212817 2012] [:error] [pid 1412:tid 1096] [client ::1:10642] PHP Warning:  mysqli::mysqli(): (HY000/1049): Unknown database 'moodle' in W:\\www\\moodle\\lib\\dml\\mysqli_native_moodle_database.php on line 296, referer: http://localhost:4001/RU/index.shtml
[Thu Jun 07 20:58:12.336684 2012] [:error] [pid 1412:tid 1096] [client ::1:10642] PHP Warning:  mysqli::close(): Couldn't fetch mysqli in W:\\www\\moodle\\lib\\dml\\mysqli_native_moodle_database.php on line 336, referer: http://localhost:4001/RU/index.shtml
[Thu Jun 07 20:58:14.203461 2012] [:error] [pid 1412:tid 1096] [client ::1:10649] PHP Warning:  mysqli::mysqli(): (HY000/1049): Unknown database 'moodle' in W:\\www\\moodle\\lib\\dml\\mysqli_native_moodle_database.php on line 296, referer: http://localhost:4001/RU/index.shtml
[Thu Jun 07 20:58:14.318339 2012] [:error] [pid 1412:tid 1096] [client ::1:10649] PHP Warning:  mysqli::close(): Couldn't fetch mysqli in W:\\www\\moodle\\lib\\dml\\mysqli_native_moodle_database.php on line 336, referer: http://localhost:4001/RU/index.shtml
[Thu Jun 07 20:58:16.230433 2012] [:error] [pid 1412:tid 1096] [client ::1:10659] PHP Warning:  mysqli::mysqli(): (HY000/1049): Unknown database 'moodle' in W:\\www\\moodle\\lib\\dml\\mysqli_native_moodle_database.php on line 296, referer: http://localhost:4001/RU/index.shtml
[Thu Jun 07 20:58:16.352302 2012] [:error] [pid 1412:tid 1096] [client ::1:10659] PHP Warning:  mysqli::close(): Couldn't fetch mysqli in W:\\www\\moodle\\lib\\dml\\mysqli_native_moodle_database.php on line 336, referer: http://localhost:4001/RU/index.shtml
[Thu Jun 07 20:58:18.376694 2012] [:error] [pid 1412:tid 1096] [client ::1:10667] PHP Warning:  mysqli::mysqli(): (HY000/1049): Unknown database 'moodle' in W:\\www\\moodle\\lib\\dml\\mysqli_native_moodle_database.php on line 296, referer: http://localhost:4001/RU/index.shtml
[Thu Jun 07 20:58:18.493570 2012] [:error] [pid 1412:tid 1096] [client ::1:10667] PHP Warning:  mysqli::close(): Couldn't fetch mysqli in W:\\www\\moodle\\lib\\dml\\mysqli_native_moodle_database.php on line 336, referer: http://localhost:4001/RU/index.shtml
[Thu Jun 07 20:58:53.972080 2012] [core:warn] [pid 3204:tid 556] AH00098: pid file W:/usr/local/apache2/logs/httpd.pid overwritten -- Unclean shutdown of previous Apache run?
[Thu Jun 07 20:58:53.989062 2012] [mpm_winnt:notice] [pid 3204:tid 556] AH00455: Apache/2.4.2 (Win32) PHP/5.4.0 configured -- resuming normal operations
[Thu Jun 07 20:58:53.989062 2012] [mpm_winnt:notice] [pid 3204:tid 556] AH00456: Server built: Apr  7 2012 13:58:11
[Thu Jun 07 20:58:53.989062 2012] [core:notice] [pid 3204:tid 556] AH00094: Command line: 'W:\\usr\\local\\apache2\\bin\\httpd1.exe -d W:/usr/local/apache2 -f W:\\\\usr\\local\\apache2\\conf\\httpd.conf -d W:\\\\usr\\local\\apache2'
[Thu Jun 07 20:58:53.990061 2012] [mpm_winnt:notice] [pid 3204:tid 556] AH00418: Parent: Created child process 5800
[Thu Jun 07 20:58:54.327705 2012] [mpm_winnt:notice] [pid 5800:tid 404] AH00354: Child: Starting 64 worker threads.
[Thu Jun 07 20:58:57.043709 2012] [:error] [pid 5800:tid 1100] [client 127.0.0.1:10770] PHP Warning:  mysqli::mysqli(): (HY000/1049): Unknown database 'moodle' in W:\\www\\moodle\\lib\\dml\\mysqli_native_moodle_database.php on line 296, referer: http://localhost:4001/RU/index.shtml
[Thu Jun 07 20:58:57.149600 2012] [:error] [pid 5800:tid 1100] [client 127.0.0.1:10770] PHP Warning:  mysqli::close(): Couldn't fetch mysqli in W:\\www\\moodle\\lib\\dml\\mysqli_native_moodle_database.php on line 336, referer: http://localhost:4001/RU/index.shtml
[Thu Jun 07 20:59:51.931991 2012] [:error] [pid 5800:tid 1096] [client ::1:10917] PHP Warning:  mysqli::mysqli(): (HY000/1049): Unknown database 'moodle' in W:\\www\\moodle\\lib\\dml\\mysqli_native_moodle_database.php on line 296, referer: http://localhost:4001/RU/index.shtml
[Thu Jun 07 20:59:52.050865 2012] [:error] [pid 5800:tid 1096] [client ::1:10917] PHP Warning:  mysqli::close(): Couldn't fetch mysqli in W:\\www\\moodle\\lib\\dml\\mysqli_native_moodle_database.php on line 336, referer: http://localhost:4001/RU/index.shtml
[Thu Jun 07 21:01:52.372062 2012] [mpm_winnt:notice] [pid 3204:tid 556] AH00428: Parent: child process exited with status 1 -- Restarting.
[Thu Jun 07 21:01:52.464810 2012] [mpm_winnt:notice] [pid 3204:tid 556] AH00455: Apache/2.4.2 (Win32) PHP/5.4.0 configured -- resuming normal operations
[Thu Jun 07 21:01:52.464810 2012] [mpm_winnt:notice] [pid 3204:tid 556] AH00456: Server built: Apr  7 2012 13:58:11
[Thu Jun 07 21:01:52.464810 2012] [core:notice] [pid 3204:tid 556] AH00094: Command line: 'W:\\usr\\local\\apache2\\bin\\httpd1.exe -d W:/usr/local/apache2 -f W:\\\\usr\\local\\apache2\\conf\\httpd.conf -d W:\\\\usr\\local\\apache2'
[Thu Jun 07 21:01:52.465817 2012] [mpm_winnt:notice] [pid 3204:tid 556] AH00418: Parent: Created child process 4948
[Thu Jun 07 21:01:52.805450 2012] [mpm_winnt:notice] [pid 4948:tid 300] AH00354: Child: Starting 64 worker threads.
[Thu Jun 07 21:01:55.445902 2012] [mpm_winnt:notice] [pid 3204:tid 556] AH00428: Parent: child process exited with status 1 -- Restarting.
[Thu Jun 07 21:01:55.541800 2012] [mpm_winnt:notice] [pid 3204:tid 556] AH00455: Apache/2.4.2 (Win32) PHP/5.4.0 configured -- resuming normal operations
[Thu Jun 07 21:01:55.541800 2012] [mpm_winnt:notice] [pid 3204:tid 556] AH00456: Server built: Apr  7 2012 13:58:11
[Thu Jun 07 21:01:55.542799 2012] [core:notice] [pid 3204:tid 556] AH00094: Command line: 'W:\\usr\\local\\apache2\\bin\\httpd1.exe -d W:/usr/local/apache2 -f W:\\\\usr\\local\\apache2\\conf\\httpd.conf -d W:\\\\usr\\local\\apache2'
[Thu Jun 07 21:01:55.543801 2012] [mpm_winnt:notice] [pid 3204:tid 556] AH00418: Parent: Created child process 5928
[Thu Jun 07 21:01:55.880443 2012] [mpm_winnt:notice] [pid 5928:tid 580] AH00354: Child: Starting 64 worker threads.
[Thu Jun 07 21:03:04.754331 2012] [core:warn] [pid 44:tid 272] AH00098: pid file W:/usr/local/apache2/logs/httpd.pid overwritten -- Unclean shutdown of previous Apache run?
[Thu Jun 07 21:03:04.770314 2012] [mpm_winnt:notice] [pid 44:tid 272] AH00455: Apache/2.4.2 (Win32) PHP/5.4.0 configured -- resuming normal operations
[Thu Jun 07 21:03:04.770314 2012] [mpm_winnt:notice] [pid 44:tid 272] AH00456: Server built: Apr  7 2012 13:58:11
[Thu Jun 07 21:03:04.770314 2012] [core:notice] [pid 44:tid 272] AH00094: Command line: 'W:\\usr\\local\\apache2\\bin\\httpd1.exe -d W:/usr/local/apache2 -f W:\\\\usr\\local\\apache2\\conf\\httpd.conf -d W:\\\\usr\\local\\apache2'
[Thu Jun 07 21:03:04.771313 2012] [mpm_winnt:notice] [pid 44:tid 272] AH00418: Parent: Created child process 5676
[Thu Jun 07 21:03:05.112987 2012] [mpm_winnt:notice] [pid 5676:tid 400] AH00354: Child: Starting 64 worker threads.
[Thu Jun 07 21:03:07.797300 2012] [:error] [pid 5676:tid 1104] [client ::1:11347] PHP Warning:  mysqli::mysqli(): (HY000/1049): Unknown database 'moodle' in W:\\www\\moodle\\lib\\dml\\mysqli_native_moodle_database.php on line 296, referer: http://localhost:4001/RU/index.shtml
[Thu Jun 07 21:03:07.918171 2012] [:error] [pid 5676:tid 1104] [client ::1:11347] PHP Warning:  mysqli::close(): Couldn't fetch mysqli in W:\\www\\moodle\\lib\\dml\\mysqli_native_moodle_database.php on line 336, referer: http://localhost:4001/RU/index.shtml
[Thu Jun 07 21:03:38.427208 2012] [:error] [pid 5676:tid 1104] [client ::1:11410] PHP Warning:  mysqli::mysqli(): (HY000/1049): Unknown database 'moodle' in W:\\www\\moodle\\lib\\dml\\mysqli_native_moodle_database.php on line 296, referer: http://localhost:4001/RU/index.shtml
[Thu Jun 07 21:03:38.541086 2012] [:error] [pid 5676:tid 1104] [client ::1:11410] PHP Warning:  mysqli::close(): Couldn't fetch mysqli in W:\\www\\moodle\\lib\\dml\\mysqli_native_moodle_database.php on line 336, referer: http://localhost:4001/RU/index.shtml
[Thu Jun 07 21:04:28.361721 2012] [:error] [pid 5676:tid 1104] [client ::1:11501] PHP Warning:  mysqli::mysqli(): (HY000/1049): Unknown database 'moodle' in W:\\www\\moodle\\lib\\dml\\mysqli_native_moodle_database.php on line 296, referer: http://localhost:4001/RU/index.shtml
[Thu Jun 07 21:04:28.470601 2012] [:error] [pid 5676:tid 1104] [client ::1:11501] PHP Warning:  mysqli::close(): Couldn't fetch mysqli in W:\\www\\moodle\\lib\\dml\\mysqli_native_moodle_database.php on line 336, referer: http://localhost:4001/RU/index.shtml
[Thu Jun 07 21:04:34.109075 2012] [:error] [pid 5676:tid 1104] [client ::1:11516] PHP Warning:  mysqli::mysqli(): (HY000/1049): Unknown database 'moodle' in W:\\www\\moodle\\lib\\dml\\mysqli_native_moodle_database.php on line 296
[Thu Jun 07 21:04:34.228953 2012] [:error] [pid 5676:tid 1104] [client ::1:11516] PHP Warning:  mysqli::close(): Couldn't fetch mysqli in W:\\www\\moodle\\lib\\dml\\mysqli_native_moodle_database.php on line 336
[Thu Jun 07 21:04:37.451552 2012] [:error] [pid 5676:tid 1104] [client ::1:11526] PHP Warning:  mysqli::mysqli(): (HY000/1049): Unknown database 'moodle' in W:\\www\\moodle\\lib\\dml\\mysqli_native_moodle_database.php on line 296
[Thu Jun 07 21:04:37.558438 2012] [:error] [pid 5676:tid 1104] [client ::1:11526] PHP Warning:  mysqli::close(): Couldn't fetch mysqli in W:\\www\\moodle\\lib\\dml\\mysqli_native_moodle_database.php on line 336
[Thu Jun 07 21:11:45.313847 2012] [:error] [pid 5676:tid 1104] [client 127.0.0.1:12394] PHP Warning:  mysqli::mysqli(): (HY000/1049): Unknown database 'moodle' in W:\\www\\moodle\\lib\\dml\\mysqli_native_moodle_database.php on line 296
[Thu Jun 07 21:11:45.433718 2012] [:error] [pid 5676:tid 1104] [client 127.0.0.1:12394] PHP Warning:  mysqli::close(): Couldn't fetch mysqli in W:\\www\\moodle\\lib\\dml\\mysqli_native_moodle_database.php on line 336
[Thu Jun 07 21:17:15.561555 2012] [:error] [pid 5676:tid 1104] [client ::1:13246] PHP Warning:  mysqli::mysqli(): (HY000/1049): Unknown database 'moodle' in W:\\www\\moodle\\lib\\dml\\mysqli_native_moodle_database.php on line 296
[Thu Jun 07 21:17:15.670437 2012] [:error] [pid 5676:tid 1104] [client ::1:13246] PHP Warning:  mysqli::close(): Couldn't fetch mysqli in W:\\www\\moodle\\lib\\dml\\mysqli_native_moodle_database.php on line 336
[Thu Jun 07 21:17:31.037656 2012] [:error] [pid 5676:tid 1104] [client ::1:13288] PHP Warning:  mysqli::mysqli(): (HY000/1049): Unknown database 'moodle' in W:\\www\\moodle\\lib\\dml\\mysqli_native_moodle_database.php on line 296
[Thu Jun 07 21:17:31.137550 2012] [:error] [pid 5676:tid 1104] [client ::1:13288] PHP Warning:  mysqli::close(): Couldn't fetch mysqli in W:\\www\\moodle\\lib\\dml\\mysqli_native_moodle_database.php on line 336
[Thu Jun 07 21:19:45.154306 2012] [:error] [pid 5676:tid 1104] [client ::1:13582] PHP Warning:  mysqli::mysqli(): (HY000/1049): Unknown database 'moodle' in W:\\www\\moodle\\lib\\dml\\mysqli_native_moodle_database.php on line 296
[Thu Jun 07 21:19:45.276177 2012] [:error] [pid 5676:tid 1104] [client ::1:13582] PHP Warning:  mysqli::close(): Couldn't fetch mysqli in W:\\www\\moodle\\lib\\dml\\mysqli_native_moodle_database.php on line 336
[Thu Jun 07 21:30:08.332458 2012] [:error] [pid 5676:tid 1104] [client ::1:15184] PHP Warning:  mysqli::mysqli(): (HY000/1049): Unknown database 'moodle' in W:\\www\\moodle\\lib\\dml\\mysqli_native_moodle_database.php on line 296
[Thu Jun 07 21:30:08.452328 2012] [:error] [pid 5676:tid 1104] [client ::1:15184] PHP Warning:  mysqli::close(): Couldn't fetch mysqli in W:\\www\\moodle\\lib\\dml\\mysqli_native_moodle_database.php on line 336
[Fri Jun 08 12:51:45.966302 2012] [core:warn] [pid 4464:tid 268] AH00098: pid file W:/usr/local/apache2/logs/httpd.pid overwritten -- Unclean shutdown of previous Apache run?
[Fri Jun 08 12:51:46.657009 2012] [mpm_winnt:notice] [pid 4464:tid 268] AH00455: Apache/2.4.2 (Win32) PHP/5.4.0 configured -- resuming normal operations
[Fri Jun 08 12:51:46.657009 2012] [mpm_winnt:notice] [pid 4464:tid 268] AH00456: Server built: Apr  7 2012 13:58:11
[Fri Jun 08 12:51:46.657009 2012] [core:notice] [pid 4464:tid 268] AH00094: Command line: 'W:\\usr\\local\\apache2\\bin\\httpd1.exe -d W:/usr/local/apache2 -f W:\\\\usr\\local\\apache2\\conf\\httpd.conf -d W:\\\\usr\\local\\apache2'
[Fri Jun 08 12:51:46.659007 2012] [mpm_winnt:notice] [pid 4464:tid 268] AH00418: Parent: Created child process 4232
[Fri Jun 08 12:51:47.065411 2012] [mpm_winnt:notice] [pid 4232:tid 580] AH00354: Child: Starting 64 worker threads.
[Fri Jun 08 12:51:52.770899 2012] [:error] [pid 4232:tid 1100] [client ::1:9295] PHP Warning:  mysqli::mysqli(): (HY000/2002): No connection could be made because the target machine actively refused it.\r\n in W:\\www\\moodle\\lib\\dml\\mysqli_native_moodle_database.php on line 296, referer: http://localhost:4001/RU/index.shtml
[Fri Jun 08 12:51:56.775895 2012] [:error] [pid 4232:tid 1100] [client ::1:9295] PHP Warning:  mysqli::close(): Couldn't fetch mysqli in W:\\www\\moodle\\lib\\dml\\mysqli_native_moodle_database.php on line 336, referer: http://localhost:4001/RU/index.shtml
[Fri Jun 08 14:30:38.611422 2012] [core:warn] [pid 6628:tid 380] AH00098: pid file W:/usr/local/apache2/logs/httpd.pid overwritten -- Unclean shutdown of previous Apache run?
[Fri Jun 08 14:30:38.630402 2012] [mpm_winnt:notice] [pid 6628:tid 380] AH00455: Apache/2.4.2 (Win32) PHP/5.4.0 configured -- resuming normal operations
[Fri Jun 08 14:30:38.630402 2012] [mpm_winnt:notice] [pid 6628:tid 380] AH00456: Server built: Apr  7 2012 13:58:11
[Fri Jun 08 14:30:38.630402 2012] [core:notice] [pid 6628:tid 380] AH00094: Command line: 'W:\\usr\\local\\apache2\\bin\\httpd1.exe -d W:/usr/local/apache2 -f W:\\\\usr\\local\\apache2\\conf\\httpd.conf -d W:\\\\usr\\local\\apache2'
[Fri Jun 08 14:30:38.632404 2012] [mpm_winnt:notice] [pid 6628:tid 380] AH00418: Parent: Created child process 5172
[Fri Jun 08 14:30:39.025982 2012] [mpm_winnt:notice] [pid 5172:tid 460] AH00354: Child: Starting 64 worker threads.
[Fri Jun 08 16:24:53.152483 2012] [core:warn] [pid 3732:tid 480] AH00098: pid file W:/usr/local/apache2/logs/httpd.pid overwritten -- Unclean shutdown of previous Apache run?
[Fri Jun 08 16:24:53.171461 2012] [mpm_winnt:notice] [pid 3732:tid 480] AH00455: Apache/2.4.2 (Win32) PHP/5.4.0 configured -- resuming normal operations
[Fri Jun 08 16:24:53.171461 2012] [mpm_winnt:notice] [pid 3732:tid 480] AH00456: Server built: Apr  7 2012 13:58:11
[Fri Jun 08 16:24:53.171461 2012] [core:notice] [pid 3732:tid 480] AH00094: Command line: 'W:\\usr\\local\\apache2\\bin\\httpd1.exe -d W:/usr/local/apache2 -f W:\\\\usr\\local\\apache2\\conf\\httpd.conf -d W:\\\\usr\\local\\apache2'
[Fri Jun 08 16:24:53.172460 2012] [mpm_winnt:notice] [pid 3732:tid 480] AH00418: Parent: Created child process 3064
[Fri Jun 08 16:24:53.803777 2012] [mpm_winnt:notice] [pid 3064:tid 424] AH00354: Child: Starting 64 worker threads.
[Fri Jun 08 16:26:38.037990 2012] [core:warn] [pid 6444:tid 356] AH00098: pid file W:/usr/local/apache2/logs/httpd.pid overwritten -- Unclean shutdown of previous Apache run?
[Fri Jun 08 16:26:38.055970 2012] [mpm_winnt:notice] [pid 6444:tid 356] AH00455: Apache/2.4.2 (Win32) PHP/5.4.0 configured -- resuming normal operations
[Fri Jun 08 16:26:38.055970 2012] [mpm_winnt:notice] [pid 6444:tid 356] AH00456: Server built: Apr  7 2012 13:58:11
[Fri Jun 08 16:26:38.055970 2012] [core:notice] [pid 6444:tid 356] AH00094: Command line: 'W:\\usr\\local\\apache2\\bin\\httpd1.exe -d W:/usr/local/apache2 -f W:\\\\usr\\local\\apache2\\conf\\httpd.conf -d W:\\\\usr\\local\\apache2'
[Fri Jun 08 16:26:38.057969 2012] [mpm_winnt:notice] [pid 6444:tid 356] AH00418: Parent: Created child process 6092
[Fri Jun 08 16:26:38.573476 2012] [mpm_winnt:notice] [pid 6092:tid 584] AH00354: Child: Starting 64 worker threads.
[Fri Jun 08 16:27:22.065184 2012] [core:warn] [pid 7164:tid 680] AH00098: pid file W:/usr/local/apache2/logs/httpd.pid overwritten -- Unclean shutdown of previous Apache run?
[Fri Jun 08 16:27:22.082166 2012] [mpm_winnt:notice] [pid 7164:tid 680] AH00455: Apache/2.4.2 (Win32) PHP/5.4.0 configured -- resuming normal operations
[Fri Jun 08 16:27:22.082166 2012] [mpm_winnt:notice] [pid 7164:tid 680] AH00456: Server built: Apr  7 2012 13:58:11
[Fri Jun 08 16:27:22.082166 2012] [core:notice] [pid 7164:tid 680] AH00094: Command line: 'W:\\usr\\local\\apache2\\bin\\httpd1.exe -d W:/usr/local/apache2 -f W:\\\\usr\\local\\apache2\\conf\\httpd.conf -d W:\\\\usr\\local\\apache2'
[Fri Jun 08 16:27:22.084163 2012] [mpm_winnt:notice] [pid 7164:tid 680] AH00418: Parent: Created child process 3104
[Fri Jun 08 16:27:22.474751 2012] [mpm_winnt:notice] [pid 3104:tid 488] AH00354: Child: Starting 64 worker threads.
[Fri Jun 08 16:28:21.931832 2012] [core:warn] [pid 7088:tid 272] AH00098: pid file W:/usr/local/apache2/logs/httpd.pid overwritten -- Unclean shutdown of previous Apache run?
[Fri Jun 08 16:28:21.950813 2012] [mpm_winnt:notice] [pid 7088:tid 272] AH00455: Apache/2.4.2 (Win32) PHP/5.4.0 configured -- resuming normal operations
[Fri Jun 08 16:28:21.950813 2012] [mpm_winnt:notice] [pid 7088:tid 272] AH00456: Server built: Apr  7 2012 13:58:11
[Fri Jun 08 16:28:21.950813 2012] [core:notice] [pid 7088:tid 272] AH00094: Command line: 'W:\\usr\\local\\apache2\\bin\\httpd1.exe -d W:/usr/local/apache2 -f W:\\\\usr\\local\\apache2\\conf\\httpd.conf -d W:\\\\usr\\local\\apache2'
[Fri Jun 08 16:28:21.951811 2012] [mpm_winnt:notice] [pid 7088:tid 272] AH00418: Parent: Created child process 5912
[Fri Jun 08 16:28:22.359283 2012] [mpm_winnt:notice] [pid 5912:tid 588] AH00354: Child: Starting 64 worker threads.
[Fri Jun 08 16:31:30.153180 2012] [core:warn] [pid 5960:tid 676] AH00098: pid file W:/usr/local/apache2/logs/httpd.pid overwritten -- Unclean shutdown of previous Apache run?
[Fri Jun 08 16:31:30.173159 2012] [mpm_winnt:notice] [pid 5960:tid 676] AH00455: Apache/2.4.2 (Win32) PHP/5.4.0 configured -- resuming normal operations
[Fri Jun 08 16:31:30.173159 2012] [mpm_winnt:notice] [pid 5960:tid 676] AH00456: Server built: Apr  7 2012 13:58:11
[Fri Jun 08 16:31:30.173159 2012] [core:notice] [pid 5960:tid 676] AH00094: Command line: 'W:\\usr\\local\\apache2\\bin\\httpd1.exe -d W:/usr/local/apache2 -f W:\\\\usr\\local\\apache2\\conf\\httpd.conf -d W:\\\\usr\\local\\apache2'
[Fri Jun 08 16:31:30.174158 2012] [mpm_winnt:notice] [pid 5960:tid 676] AH00418: Parent: Created child process 5884
[Fri Jun 08 16:31:30.567672 2012] [mpm_winnt:notice] [pid 5884:tid 368] AH00354: Child: Starting 64 worker threads.
[Fri Jun 08 16:51:11.616655 2012] [core:warn] [pid 4644:tid 356] AH00098: pid file W:/usr/local/apache2/logs/httpd.pid overwritten -- Unclean shutdown of previous Apache run?
[Fri Jun 08 16:51:11.658609 2012] [mpm_winnt:notice] [pid 4644:tid 356] AH00455: Apache/2.4.2 (Win32) PHP/5.4.0 configured -- resuming normal operations
[Fri Jun 08 16:51:11.658609 2012] [mpm_winnt:notice] [pid 4644:tid 356] AH00456: Server built: Apr  7 2012 13:58:11
[Fri Jun 08 16:51:11.658609 2012] [core:notice] [pid 4644:tid 356] AH00094: Command line: 'W:\\usr\\local\\apache2\\bin\\httpd1.exe -d W:/usr/local/apache2 -f W:\\\\usr\\local\\apache2\\conf\\httpd.conf -d W:\\\\usr\\local\\apache2'
[Fri Jun 08 16:51:11.660607 2012] [mpm_winnt:notice] [pid 4644:tid 356] AH00418: Parent: Created child process 4664
[Fri Jun 08 16:51:12.035591 2012] [mpm_winnt:notice] [pid 4664:tid 424] AH00354: Child: Starting 64 worker threads.
[Fri Jun 08 18:58:51.426402 2012] [core:warn] [pid 5676:tid 416] AH00098: pid file W:/usr/local/apache2/logs/httpd.pid overwritten -- Unclean shutdown of previous Apache run?
[Fri Jun 08 18:58:51.465360 2012] [mpm_winnt:notice] [pid 5676:tid 416] AH00455: Apache/2.4.2 (Win32) PHP/5.4.0 configured -- resuming normal operations
[Fri Jun 08 18:58:51.465360 2012] [mpm_winnt:notice] [pid 5676:tid 416] AH00456: Server built: Apr  7 2012 13:58:11
[Fri Jun 08 18:58:51.465360 2012] [core:notice] [pid 5676:tid 416] AH00094: Command line: 'W:\\usr\\local\\apache2\\bin\\httpd1.exe -d W:/usr/local/apache2 -f W:\\\\usr\\local\\apache2\\conf\\httpd.conf -d W:\\\\usr\\local\\apache2'
[Fri Jun 08 18:58:51.466360 2012] [mpm_winnt:notice] [pid 5676:tid 416] AH00418: Parent: Created child process 6700
[Fri Jun 08 18:58:51.841455 2012] [mpm_winnt:notice] [pid 6700:tid 576] AH00354: Child: Starting 64 worker threads.
[Fri Jun 08 19:01:03.345803 2012] [core:warn] [pid 4016:tid 452] AH00098: pid file W:/usr/local/apache2/logs/httpd.pid overwritten -- Unclean shutdown of previous Apache run?
[Fri Jun 08 19:01:03.364784 2012] [mpm_winnt:notice] [pid 4016:tid 452] AH00455: Apache/2.4.2 (Win32) PHP/5.4.0 configured -- resuming normal operations
[Fri Jun 08 19:01:03.364784 2012] [mpm_winnt:notice] [pid 4016:tid 452] AH00456: Server built: Apr  7 2012 13:58:11
[Fri Jun 08 19:01:03.364784 2012] [core:notice] [pid 4016:tid 452] AH00094: Command line: 'W:\\usr\\local\\apache2\\bin\\httpd1.exe -d W:/usr/local/apache2 -f W:\\\\usr\\local\\apache2\\conf\\httpd.conf -d W:\\\\usr\\local\\apache2'
[Fri Jun 08 19:01:03.365783 2012] [mpm_winnt:notice] [pid 4016:tid 452] AH00418: Parent: Created child process 860
[Fri Jun 08 19:01:03.785339 2012] [mpm_winnt:notice] [pid 860:tid 580] AH00354: Child: Starting 64 worker threads.
[Fri Jun 08 19:01:43.391561 2012] [core:warn] [pid 6572:tid 492] AH00098: pid file W:/usr/local/apache2/logs/httpd.pid overwritten -- Unclean shutdown of previous Apache run?
[Fri Jun 08 19:01:43.409542 2012] [mpm_winnt:notice] [pid 6572:tid 492] AH00455: Apache/2.4.2 (Win32) PHP/5.4.0 configured -- resuming normal operations
[Fri Jun 08 19:01:43.409542 2012] [mpm_winnt:notice] [pid 6572:tid 492] AH00456: Server built: Apr  7 2012 13:58:11
[Fri Jun 08 19:01:43.409542 2012] [core:notice] [pid 6572:tid 492] AH00094: Command line: 'W:\\usr\\local\\apache2\\bin\\httpd1.exe -d W:/usr/local/apache2 -f W:\\\\usr\\local\\apache2\\conf\\httpd.conf -d W:\\\\usr\\local\\apache2'
[Fri Jun 08 19:01:43.410541 2012] [mpm_winnt:notice] [pid 6572:tid 492] AH00418: Parent: Created child process 5432
[Fri Jun 08 19:01:43.773967 2012] [mpm_winnt:notice] [pid 5432:tid 428] AH00354: Child: Starting 64 worker threads.
[Fri Jun 08 19:04:06.444960 2012] [core:warn] [pid 4308:tid 280] AH00098: pid file W:/usr/local/apache2/logs/httpd.pid overwritten -- Unclean shutdown of previous Apache run?
[Fri Jun 08 19:04:06.462941 2012] [mpm_winnt:notice] [pid 4308:tid 280] AH00455: Apache/2.4.2 (Win32) PHP/5.4.0 configured -- resuming normal operations
[Fri Jun 08 19:04:06.462941 2012] [mpm_winnt:notice] [pid 4308:tid 280] AH00456: Server built: Apr  7 2012 13:58:11
[Fri Jun 08 19:04:06.462941 2012] [core:notice] [pid 4308:tid 280] AH00094: Command line: 'W:\\usr\\local\\apache2\\bin\\httpd1.exe -d W:/usr/local/apache2 -f W:\\\\usr\\local\\apache2\\conf\\httpd.conf -d W:\\\\usr\\local\\apache2'
[Fri Jun 08 19:04:06.463940 2012] [mpm_winnt:notice] [pid 4308:tid 280] AH00418: Parent: Created child process 6872
[Fri Jun 08 19:04:06.810961 2012] [mpm_winnt:notice] [pid 6872:tid 636] AH00354: Child: Starting 64 worker threads.
[Fri Jun 08 19:04:18.718293 2012] [core:warn] [pid 6788:tid 300] AH00098: pid file W:/usr/local/apache2/logs/httpd.pid overwritten -- Unclean shutdown of previous Apache run?
[Fri Jun 08 19:04:18.736273 2012] [mpm_winnt:notice] [pid 6788:tid 300] AH00455: Apache/2.4.2 (Win32) PHP/5.4.0 configured -- resuming normal operations
[Fri Jun 08 19:04:18.737273 2012] [mpm_winnt:notice] [pid 6788:tid 300] AH00456: Server built: Apr  7 2012 13:58:11
[Fri Jun 08 19:04:18.737273 2012] [core:notice] [pid 6788:tid 300] AH00094: Command line: 'W:\\usr\\local\\apache2\\bin\\httpd1.exe -d W:/usr/local/apache2 -f W:\\\\usr\\local\\apache2\\conf\\httpd.conf -d W:\\\\usr\\local\\apache2'
[Fri Jun 08 19:04:18.738271 2012] [mpm_winnt:notice] [pid 6788:tid 300] AH00418: Parent: Created child process 2468
[Fri Jun 08 19:04:19.087901 2012] [mpm_winnt:notice] [pid 2468:tid 396] AH00354: Child: Starting 64 worker threads.
[Fri Jun 08 19:07:31.736472 2012] [core:warn] [pid 2892:tid 168] AH00098: pid file W:/usr/local/apache2/logs/httpd.pid overwritten -- Unclean shutdown of previous Apache run?
[Fri Jun 08 19:07:31.753455 2012] [mpm_winnt:notice] [pid 2892:tid 168] AH00455: Apache/2.4.2 (Win32) PHP/5.4.0 configured -- resuming normal operations
[Fri Jun 08 19:07:31.753455 2012] [mpm_winnt:notice] [pid 2892:tid 168] AH00456: Server built: Apr  7 2012 13:58:11
[Fri Jun 08 19:07:31.753455 2012] [core:notice] [pid 2892:tid 168] AH00094: Command line: 'W:\\usr\\local\\apache2\\bin\\httpd1.exe -d W:/usr/local/apache2 -f W:\\\\usr\\local\\apache2\\conf\\httpd.conf -d W:\\\\usr\\local\\apache2'
[Fri Jun 08 19:07:31.754453 2012] [mpm_winnt:notice] [pid 2892:tid 168] AH00418: Parent: Created child process 6700
[Fri Jun 08 19:07:32.107461 2012] [mpm_winnt:notice] [pid 6700:tid 412] AH00354: Child: Starting 64 worker threads.
[Fri Jun 08 19:08:11.316036 2012] [core:warn] [pid 1872:tid 372] AH00098: pid file W:/usr/local/apache2/logs/httpd.pid overwritten -- Unclean shutdown of previous Apache run?
[Fri Jun 08 19:08:11.335016 2012] [mpm_winnt:notice] [pid 1872:tid 372] AH00455: Apache/2.4.2 (Win32) PHP/5.4.0 configured -- resuming normal operations
[Fri Jun 08 19:08:11.335016 2012] [mpm_winnt:notice] [pid 1872:tid 372] AH00456: Server built: Apr  7 2012 13:58:11
[Fri Jun 08 19:08:11.335016 2012] [core:notice] [pid 1872:tid 372] AH00094: Command line: 'W:\\usr\\local\\apache2\\bin\\httpd1.exe -d W:/usr/local/apache2 -f W:\\\\usr\\local\\apache2\\conf\\httpd.conf -d W:\\\\usr\\local\\apache2'
[Fri Jun 08 19:08:11.336015 2012] [mpm_winnt:notice] [pid 1872:tid 372] AH00418: Parent: Created child process 1492
[Fri Jun 08 19:08:11.683159 2012] [mpm_winnt:notice] [pid 1492:tid 416] AH00354: Child: Starting 64 worker threads.
[Fri Jun 08 19:12:12.526624 2012] [core:warn] [pid 1096:tid 64] AH00098: pid file W:/usr/local/apache2/logs/httpd.pid overwritten -- Unclean shutdown of previous Apache run?
[Fri Jun 08 19:12:12.544604 2012] [mpm_winnt:notice] [pid 1096:tid 64] AH00455: Apache/2.4.2 (Win32) PHP/5.4.0 configured -- resuming normal operations
[Fri Jun 08 19:12:12.545604 2012] [mpm_winnt:notice] [pid 1096:tid 64] AH00456: Server built: Apr  7 2012 13:58:11
[Fri Jun 08 19:12:12.545604 2012] [core:notice] [pid 1096:tid 64] AH00094: Command line: 'W:\\usr\\local\\apache2\\bin\\httpd1.exe -d W:/usr/local/apache2 -f W:\\\\usr\\local\\apache2\\conf\\httpd.conf -d W:\\\\usr\\local\\apache2'
[Fri Jun 08 19:12:12.546603 2012] [mpm_winnt:notice] [pid 1096:tid 64] AH00418: Parent: Created child process 3576
[Fri Jun 08 19:12:12.914213 2012] [mpm_winnt:notice] [pid 3576:tid 408] AH00354: Child: Starting 64 worker threads.
[Fri Jun 08 19:12:29.247606 2012] [core:warn] [pid 5988:tid 352] AH00098: pid file W:/usr/local/apache2/logs/httpd.pid overwritten -- Unclean shutdown of previous Apache run?
[Fri Jun 08 19:12:29.266587 2012] [mpm_winnt:notice] [pid 5988:tid 352] AH00455: Apache/2.4.2 (Win32) PHP/5.4.0 configured -- resuming normal operations
[Fri Jun 08 19:12:29.266587 2012] [mpm_winnt:notice] [pid 5988:tid 352] AH00456: Server built: Apr  7 2012 13:58:11
[Fri Jun 08 19:12:29.266587 2012] [core:notice] [pid 5988:tid 352] AH00094: Command line: 'W:\\usr\\local\\apache2\\bin\\httpd1.exe -d W:/usr/local/apache2 -f W:\\\\usr\\local\\apache2\\conf\\httpd.conf -d W:\\\\usr\\local\\apache2'
[Fri Jun 08 19:12:29.267586 2012] [mpm_winnt:notice] [pid 5988:tid 352] AH00418: Parent: Created child process 7152
[Fri Jun 08 19:12:29.927864 2012] [mpm_winnt:notice] [pid 7152:tid 584] AH00354: Child: Starting 64 worker threads.
[Fri Jun 08 19:24:47.570767 2012] [core:warn] [pid 3324:tid 272] AH00098: pid file W:/usr/local/apache2/logs/httpd.pid overwritten -- Unclean shutdown of previous Apache run?
[Fri Jun 08 19:24:47.589746 2012] [mpm_winnt:notice] [pid 3324:tid 272] AH00455: Apache/2.4.2 (Win32) PHP/5.4.0 configured -- resuming normal operations
[Fri Jun 08 19:24:47.589746 2012] [mpm_winnt:notice] [pid 3324:tid 272] AH00456: Server built: Apr  7 2012 13:58:11
[Fri Jun 08 19:24:47.589746 2012] [core:notice] [pid 3324:tid 272] AH00094: Command line: 'W:\\usr\\local\\apache2\\bin\\httpd1.exe -d W:/usr/local/apache2 -f W:\\\\usr\\local\\apache2\\conf\\httpd.conf -d W:\\\\usr\\local\\apache2'
[Fri Jun 08 19:24:47.590745 2012] [mpm_winnt:notice] [pid 3324:tid 272] AH00418: Parent: Created child process 1336
[Fri Jun 08 19:24:47.949365 2012] [mpm_winnt:notice] [pid 1336:tid 412] AH00354: Child: Starting 64 worker threads.
[Fri Jun 08 19:27:17.806957 2012] [core:warn] [pid 3720:tid 256] AH00098: pid file W:/usr/local/apache2/logs/httpd.pid overwritten -- Unclean shutdown of previous Apache run?
[Fri Jun 08 19:27:17.823940 2012] [mpm_winnt:notice] [pid 3720:tid 256] AH00455: Apache/2.4.2 (Win32) PHP/5.4.0 configured -- resuming normal operations
[Fri Jun 08 19:27:17.823940 2012] [mpm_winnt:notice] [pid 3720:tid 256] AH00456: Server built: Apr  7 2012 13:58:11
[Fri Jun 08 19:27:17.823940 2012] [core:notice] [pid 3720:tid 256] AH00094: Command line: 'W:\\usr\\local\\apache2\\bin\\httpd1.exe -d W:/usr/local/apache2 -f W:\\\\usr\\local\\apache2\\conf\\httpd.conf -d W:\\\\usr\\local\\apache2'
[Fri Jun 08 19:27:17.825938 2012] [mpm_winnt:notice] [pid 3720:tid 256] AH00418: Parent: Created child process 2892
[Fri Jun 08 19:27:18.188487 2012] [mpm_winnt:notice] [pid 2892:tid 628] AH00354: Child: Starting 64 worker threads.
[Sat Jun 09 02:46:45.773276 2012] [core:warn] [pid 4076:tid 256] AH00098: pid file W:/usr/local/apache2/logs/httpd.pid overwritten -- Unclean shutdown of previous Apache run?
[Sat Jun 09 02:46:45.904137 2012] [mpm_winnt:notice] [pid 4076:tid 256] AH00455: Apache/2.4.2 (Win32) PHP/5.4.0 configured -- resuming normal operations
[Sat Jun 09 02:46:45.904137 2012] [mpm_winnt:notice] [pid 4076:tid 256] AH00456: Server built: Apr  7 2012 13:58:11
[Sat Jun 09 02:46:45.904137 2012] [core:notice] [pid 4076:tid 256] AH00094: Command line: 'W:\\usr\\local\\apache2\\bin\\httpd1.exe -d W:/usr/local/apache2 -f W:\\\\usr\\local\\apache2\\conf\\httpd.conf -d W:\\\\usr\\local\\apache2'
[Sat Jun 09 02:46:45.906134 2012] [mpm_winnt:notice] [pid 4076:tid 256] AH00418: Parent: Created child process 2020
[Sat Jun 09 02:46:46.335672 2012] [mpm_winnt:notice] [pid 2020:tid 620] AH00354: Child: Starting 64 worker threads.
[Sat Jun 09 04:11:03.522244 2012] [mpm_winnt:notice] [pid 4076:tid 256] AH00428: Parent: child process exited with status 1073807364 -- Restarting.
[Sat Jun 09 04:11:03.693919 2012] [mpm_winnt:notice] [pid 4076:tid 256] AH00455: Apache/2.4.2 (Win32) PHP/5.4.0 configured -- resuming normal operations
[Sat Jun 09 04:11:03.693919 2012] [mpm_winnt:notice] [pid 4076:tid 256] AH00456: Server built: Apr  7 2012 13:58:11
[Sat Jun 09 04:11:03.693919 2012] [core:notice] [pid 4076:tid 256] AH00094: Command line: 'W:\\usr\\local\\apache2\\bin\\httpd1.exe -d W:/usr/local/apache2 -f W:\\\\usr\\local\\apache2\\conf\\httpd.conf -d W:\\\\usr\\local\\apache2'
[Sat Jun 09 04:11:03.694918 2012] [mpm_winnt:notice] [pid 4076:tid 256] AH00418: Parent: Created child process 4652
[Sat Jun 09 04:11:03.703910 2012] [mpm_winnt:crit] [pid 4076:tid 256] AH00419: master_main: create child process failed. Exiting.
[Mon Jun 11 00:27:48.964348 2012] [mpm_winnt:notice] [pid 4028:tid 408] AH00455: Apache/2.4.2 (Win32) PHP/5.4.0 configured -- resuming normal operations
[Mon Jun 11 00:27:48.971340 2012] [mpm_winnt:notice] [pid 4028:tid 408] AH00456: Server built: Apr  7 2012 13:58:11
[Mon Jun 11 00:27:48.971340 2012] [core:notice] [pid 4028:tid 408] AH00094: Command line: 'W:\\usr\\local\\apache2\\bin\\httpd1.exe -d W:/usr/local/apache2 -f W:\\\\usr\\local\\apache2\\conf\\httpd.conf -d W:\\\\usr\\local\\apache2'
[Mon Jun 11 00:27:48.974337 2012] [mpm_winnt:notice] [pid 4028:tid 408] AH00418: Parent: Created child process 3836
[Mon Jun 11 00:27:49.428209 2012] [mpm_winnt:notice] [pid 3836:tid 580] AH00354: Child: Starting 64 worker threads.
[Mon Jun 11 01:37:50.668855 2012] [core:warn] [pid 3848:tid 616] AH00098: pid file W:/usr/local/apache2/logs/httpd.pid overwritten -- Unclean shutdown of previous Apache run?
[Mon Jun 11 01:37:50.686837 2012] [mpm_winnt:notice] [pid 3848:tid 616] AH00455: Apache/2.4.2 (Win32) PHP/5.4.0 configured -- resuming normal operations
[Mon Jun 11 01:37:50.686837 2012] [mpm_winnt:notice] [pid 3848:tid 616] AH00456: Server built: Apr  7 2012 13:58:11
[Mon Jun 11 01:37:50.686837 2012] [core:notice] [pid 3848:tid 616] AH00094: Command line: 'W:\\usr\\local\\apache2\\bin\\httpd1.exe -d W:/usr/local/apache2 -f W:\\\\usr\\local\\apache2\\conf\\httpd.conf -d W:\\\\usr\\local\\apache2'
[Mon Jun 11 01:37:50.687836 2012] [mpm_winnt:notice] [pid 3848:tid 616] AH00418: Parent: Created child process 5820
[Mon Jun 11 01:37:51.106791 2012] [mpm_winnt:notice] [pid 5820:tid 580] AH00354: Child: Starting 64 worker threads.
[Mon Jun 11 03:39:18.263756 2012] [core:warn] [pid 3984:tid 272] AH00098: pid file W:/usr/local/apache2/logs/httpd.pid overwritten -- Unclean shutdown of previous Apache run?
[Mon Jun 11 03:39:18.281737 2012] [mpm_winnt:notice] [pid 3984:tid 272] AH00455: Apache/2.4.2 (Win32) PHP/5.4.0 configured -- resuming normal operations
[Mon Jun 11 03:39:18.281737 2012] [mpm_winnt:notice] [pid 3984:tid 272] AH00456: Server built: Apr  7 2012 13:58:11
[Mon Jun 11 03:39:18.281737 2012] [core:notice] [pid 3984:tid 272] AH00094: Command line: 'W:\\usr\\local\\apache2\\bin\\httpd1.exe -d W:/usr/local/apache2 -f W:\\\\usr\\local\\apache2\\conf\\httpd.conf -d W:\\\\usr\\local\\apache2'
[Mon Jun 11 03:39:18.283735 2012] [mpm_winnt:notice] [pid 3984:tid 272] AH00418: Parent: Created child process 2560
[Mon Jun 11 03:39:18.702290 2012] [mpm_winnt:notice] [pid 2560:tid 452] AH00354: Child: Starting 64 worker threads.
[Mon Jun 11 04:14:12.765250 2012] [core:warn] [pid 4708:tid 272] AH00098: pid file W:/usr/local/apache2/logs/httpd.pid overwritten -- Unclean shutdown of previous Apache run?
[Mon Jun 11 04:14:12.783231 2012] [mpm_winnt:notice] [pid 4708:tid 272] AH00455: Apache/2.4.2 (Win32) PHP/5.4.0 configured -- resuming normal operations
[Mon Jun 11 04:14:12.783231 2012] [mpm_winnt:notice] [pid 4708:tid 272] AH00456: Server built: Apr  7 2012 13:58:11
[Mon Jun 11 04:14:12.783231 2012] [core:notice] [pid 4708:tid 272] AH00094: Command line: 'W:\\usr\\local\\apache2\\bin\\httpd1.exe -d W:/usr/local/apache2 -f W:\\\\usr\\local\\apache2\\conf\\httpd.conf -d W:\\\\usr\\local\\apache2'
[Mon Jun 11 04:14:12.785228 2012] [mpm_winnt:notice] [pid 4708:tid 272] AH00418: Parent: Created child process 5640
[Mon Jun 11 04:14:13.174296 2012] [mpm_winnt:notice] [pid 5640:tid 580] AH00354: Child: Starting 64 worker threads.
[Mon Jun 11 05:22:39.745321 2012] [core:warn] [pid 2484:tid 424] AH00098: pid file W:/usr/local/apache2/logs/httpd.pid overwritten -- Unclean shutdown of previous Apache run?
[Mon Jun 11 05:22:39.763301 2012] [mpm_winnt:notice] [pid 2484:tid 424] AH00455: Apache/2.4.2 (Win32) PHP/5.4.0 configured -- resuming normal operations
[Mon Jun 11 05:22:39.763301 2012] [mpm_winnt:notice] [pid 2484:tid 424] AH00456: Server built: Apr  7 2012 13:58:11
[Mon Jun 11 05:22:39.763301 2012] [core:notice] [pid 2484:tid 424] AH00094: Command line: 'W:\\usr\\local\\apache2\\bin\\httpd1.exe -d W:/usr/local/apache2 -f W:\\\\usr\\local\\apache2\\conf\\httpd.conf -d W:\\\\usr\\local\\apache2'
[Mon Jun 11 05:22:39.764300 2012] [mpm_winnt:notice] [pid 2484:tid 424] AH00418: Parent: Created child process 6124
[Mon Jun 11 05:22:40.165874 2012] [mpm_winnt:notice] [pid 6124:tid 408] AH00354: Child: Starting 64 worker threads.
[Mon Jun 11 14:39:31.542561 2012] [core:warn] [pid 2996:tid 360] AH00098: pid file W:/usr/local/apache2/logs/httpd.pid overwritten -- Unclean shutdown of previous Apache run?
[Mon Jun 11 14:39:31.585516 2012] [mpm_winnt:notice] [pid 2996:tid 360] AH00455: Apache/2.4.2 (Win32) PHP/5.4.0 configured -- resuming normal operations
[Mon Jun 11 14:39:31.585516 2012] [mpm_winnt:notice] [pid 2996:tid 360] AH00456: Server built: Apr  7 2012 13:58:11
[Mon Jun 11 14:39:31.585516 2012] [core:notice] [pid 2996:tid 360] AH00094: Command line: 'W:\\usr\\local\\apache2\\bin\\httpd1.exe -d W:/usr/local/apache2 -f W:\\\\usr\\local\\apache2\\conf\\httpd.conf -d W:\\\\usr\\local\\apache2'
[Mon Jun 11 14:39:31.587513 2012] [mpm_winnt:notice] [pid 2996:tid 360] AH00418: Parent: Created child process 4552
[Mon Jun 11 14:39:32.062183 2012] [mpm_winnt:notice] [pid 4552:tid 408] AH00354: Child: Starting 64 worker threads.
[Mon Jun 11 14:40:20.372872 2012] [core:warn] [pid 2588:tid 340] AH00098: pid file W:/usr/local/apache2/logs/httpd.pid overwritten -- Unclean shutdown of previous Apache run?
[Mon Jun 11 14:40:20.389855 2012] [mpm_winnt:notice] [pid 2588:tid 340] AH00455: Apache/2.4.2 (Win32) PHP/5.4.0 configured -- resuming normal operations
[Mon Jun 11 14:40:20.389855 2012] [mpm_winnt:notice] [pid 2588:tid 340] AH00456: Server built: Apr  7 2012 13:58:11
[Mon Jun 11 14:40:20.389855 2012] [core:notice] [pid 2588:tid 340] AH00094: Command line: 'W:\\usr\\local\\apache2\\bin\\httpd1.exe -d W:/usr/local/apache2 -f W:\\\\usr\\local\\apache2\\conf\\httpd.conf -d W:\\\\usr\\local\\apache2'
[Mon Jun 11 14:40:20.391852 2012] [mpm_winnt:notice] [pid 2588:tid 340] AH00418: Parent: Created child process 2988
[Mon Jun 11 14:40:20.763458 2012] [mpm_winnt:notice] [pid 2988:tid 352] AH00354: Child: Starting 64 worker threads.
[Tue Jun 12 02:17:46.503196 2012] [core:warn] [pid 996:tid 280] AH00098: pid file W:/usr/local/apache2/logs/httpd.pid overwritten -- Unclean shutdown of previous Apache run?
[Tue Jun 12 02:17:46.539146 2012] [mpm_winnt:notice] [pid 996:tid 280] AH00455: Apache/2.4.2 (Win32) PHP/5.4.0 configured -- resuming normal operations
[Tue Jun 12 02:17:46.539146 2012] [mpm_winnt:notice] [pid 996:tid 280] AH00456: Server built: Apr  7 2012 13:58:11
[Tue Jun 12 02:17:46.539146 2012] [core:notice] [pid 996:tid 280] AH00094: Command line: 'W:\\usr\\local\\apache2\\bin\\httpd1.exe -d W:/usr/local/apache2 -f W:\\\\usr\\local\\apache2\\conf\\httpd.conf -d W:\\\\usr\\local\\apache2'
[Tue Jun 12 02:17:46.540145 2012] [mpm_winnt:notice] [pid 996:tid 280] AH00418: Parent: Created child process 3556
[Tue Jun 12 02:17:46.965803 2012] [mpm_winnt:notice] [pid 3556:tid 636] AH00354: Child: Starting 64 worker threads.
[Tue Jun 12 02:21:08.280455 2012] [core:warn] [pid 6304:tid 280] AH00098: pid file W:/usr/local/apache2/logs/httpd.pid overwritten -- Unclean shutdown of previous Apache run?
[Tue Jun 12 02:21:08.298434 2012] [mpm_winnt:notice] [pid 6304:tid 280] AH00455: Apache/2.4.2 (Win32) PHP/5.4.0 configured -- resuming normal operations
[Tue Jun 12 02:21:08.298434 2012] [mpm_winnt:notice] [pid 6304:tid 280] AH00456: Server built: Apr  7 2012 13:58:11
[Tue Jun 12 02:21:08.298434 2012] [core:notice] [pid 6304:tid 280] AH00094: Command line: 'W:\\usr\\local\\apache2\\bin\\httpd1.exe -d W:/usr/local/apache2 -f W:\\\\usr\\local\\apache2\\conf\\httpd.conf -d W:\\\\usr\\local\\apache2'
[Tue Jun 12 02:21:08.299433 2012] [mpm_winnt:notice] [pid 6304:tid 280] AH00418: Parent: Created child process 6292
[Tue Jun 12 02:21:08.709797 2012] [mpm_winnt:notice] [pid 6292:tid 424] AH00354: Child: Starting 64 worker threads.
[Wed Jun 13 09:22:47.619556 2012] [core:warn] [pid 5652:tid 356] AH00098: pid file W:/usr/local/apache2/logs/httpd.pid overwritten -- Unclean shutdown of previous Apache run?
[Wed Jun 13 09:22:53.105933 2012] [mpm_winnt:notice] [pid 5652:tid 356] AH00455: Apache/2.4.2 (Win32) PHP/5.4.0 configured -- resuming normal operations
[Wed Jun 13 09:22:53.105933 2012] [mpm_winnt:notice] [pid 5652:tid 356] AH00456: Server built: Apr  7 2012 13:58:11
[Wed Jun 13 09:22:53.105933 2012] [core:notice] [pid 5652:tid 356] AH00094: Command line: 'W:\\usr\\local\\apache2\\bin\\httpd1.exe -d W:/usr/local/apache2 -f W:\\\\usr\\local\\apache2\\conf\\httpd.conf -d W:\\\\usr\\local\\apache2'
[Wed Jun 13 09:22:53.107932 2012] [mpm_winnt:notice] [pid 5652:tid 356] AH00418: Parent: Created child process 3892
[Wed Jun 13 09:22:53.490873 2012] [mpm_winnt:notice] [pid 3892:tid 492] AH00354: Child: Starting 64 worker threads.
[Wed Jun 13 09:32:15.157115 2012] [core:warn] [pid 3196:tid 260] AH00098: pid file W:/usr/local/apache2/logs/httpd.pid overwritten -- Unclean shutdown of previous Apache run?
[Wed Jun 13 09:32:15.178094 2012] [mpm_winnt:notice] [pid 3196:tid 260] AH00455: Apache/2.4.2 (Win32) PHP/5.4.0 configured -- resuming normal operations
[Wed Jun 13 09:32:15.178094 2012] [mpm_winnt:notice] [pid 3196:tid 260] AH00456: Server built: Apr  7 2012 13:58:11
[Wed Jun 13 09:32:15.178094 2012] [core:notice] [pid 3196:tid 260] AH00094: Command line: 'W:\\usr\\local\\apache2\\bin\\httpd1.exe -d W:/usr/local/apache2 -f W:\\\\usr\\local\\apache2\\conf\\httpd.conf -d W:\\\\usr\\local\\apache2'
[Wed Jun 13 09:32:15.179093 2012] [mpm_winnt:notice] [pid 3196:tid 260] AH00418: Parent: Created child process 408
[Wed Jun 13 09:32:15.656867 2012] [mpm_winnt:notice] [pid 408:tid 400] AH00354: Child: Starting 64 worker threads.
[Wed Jun 13 12:33:43.592004 2012] [core:warn] [pid 5756:tid 356] AH00098: pid file W:/usr/local/apache2/logs/httpd.pid overwritten -- Unclean shutdown of previous Apache run?
[Wed Jun 13 12:33:44.426765 2012] [mpm_winnt:notice] [pid 5756:tid 356] AH00455: Apache/2.4.2 (Win32) PHP/5.4.0 configured -- resuming normal operations
[Wed Jun 13 12:33:44.426765 2012] [mpm_winnt:notice] [pid 5756:tid 356] AH00456: Server built: Apr  7 2012 13:58:11
[Wed Jun 13 12:33:44.426765 2012] [core:notice] [pid 5756:tid 356] AH00094: Command line: 'W:\\usr\\local\\apache2\\bin\\httpd1.exe -d W:/usr/local/apache2 -f W:\\\\usr\\local\\apache2\\conf\\httpd.conf -d W:\\\\usr\\local\\apache2'
[Wed Jun 13 12:33:44.427764 2012] [mpm_winnt:notice] [pid 5756:tid 356] AH00418: Parent: Created child process 2688
[Wed Jun 13 12:33:44.851277 2012] [mpm_winnt:notice] [pid 2688:tid 408] AH00354: Child: Starting 64 worker threads.
[Wed Jun 13 20:41:17.153405 2012] [core:warn] [pid 5600:tid 168] AH00098: pid file W:/usr/local/apache2/logs/httpd.pid overwritten -- Unclean shutdown of previous Apache run?
[Wed Jun 13 20:41:21.048339 2012] [mpm_winnt:notice] [pid 5600:tid 168] AH00455: Apache/2.4.2 (Win32) PHP/5.4.0 configured -- resuming normal operations
[Wed Jun 13 20:41:21.048339 2012] [mpm_winnt:notice] [pid 5600:tid 168] AH00456: Server built: Apr  7 2012 13:58:11
[Wed Jun 13 20:41:21.048339 2012] [core:notice] [pid 5600:tid 168] AH00094: Command line: 'W:\\usr\\local\\apache2\\bin\\httpd1.exe -d W:/usr/local/apache2 -f W:\\\\usr\\local\\apache2\\conf\\httpd.conf -d W:\\\\usr\\local\\apache2'
[Wed Jun 13 20:41:21.049338 2012] [mpm_winnt:notice] [pid 5600:tid 168] AH00418: Parent: Created child process 4652
[Wed Jun 13 20:41:21.430585 2012] [mpm_winnt:notice] [pid 4652:tid 436] AH00354: Child: Starting 64 worker threads.
[Mon Jun 18 01:48:40.500664 2012] [core:warn] [pid 3096:tid 360] AH00098: pid file W:/usr/local/apache2/logs/httpd.pid overwritten -- Unclean shutdown of previous Apache run?
[Mon Jun 18 01:48:43.705515 2012] [mpm_winnt:notice] [pid 3096:tid 360] AH00455: Apache/2.4.2 (Win32) PHP/5.4.0 configured -- resuming normal operations
[Mon Jun 18 01:48:43.705515 2012] [mpm_winnt:notice] [pid 3096:tid 360] AH00456: Server built: Apr  7 2012 13:58:11
[Mon Jun 18 01:48:43.705515 2012] [core:notice] [pid 3096:tid 360] AH00094: Command line: 'W:\\usr\\local\\apache2\\bin\\httpd1.exe -d W:/usr/local/apache2 -f W:\\\\usr\\local\\apache2\\conf\\httpd.conf -d W:\\\\usr\\local\\apache2'
[Mon Jun 18 01:48:43.708511 2012] [mpm_winnt:notice] [pid 3096:tid 360] AH00418: Parent: Created child process 7328
[Mon Jun 18 01:48:44.123172 2012] [mpm_winnt:notice] [pid 7328:tid 416] AH00354: Child: Starting 64 worker threads.
[Mon Jun 18 01:48:48.913617 2012] [:error] [pid 7328:tid 1092] [client ::1:19969] PHP Warning:  mysqli::mysqli(): (HY000/1045): Access denied for user 'root'@'localhost' (using password: YES) in W:\\www\\moodle\\lib\\dml\\mysqli_native_moodle_database.php on line 296, referer: http://localhost:4001/RU/index.shtml
[Mon Jun 18 01:48:50.151484 2012] [:error] [pid 7328:tid 1092] [client ::1:19969] PHP Warning:  mysqli::close(): Couldn't fetch mysqli in W:\\www\\moodle\\lib\\dml\\mysqli_native_moodle_database.php on line 336, referer: http://localhost:4001/RU/index.shtml
[Mon Jun 18 01:49:03.079784 2012] [:error] [pid 7328:tid 1092] [client ::1:20003] PHP Warning:  mysqli::mysqli(): (HY000/1045): Access denied for user 'root'@'localhost' (using password: YES) in W:\\www\\moodle\\lib\\dml\\mysqli_native_moodle_database.php on line 296, referer: http://localhost:4001/RU/index.shtml
[Mon Jun 18 01:49:03.181675 2012] [:error] [pid 7328:tid 1092] [client ::1:20003] PHP Warning:  mysqli::close(): Couldn't fetch mysqli in W:\\www\\moodle\\lib\\dml\\mysqli_native_moodle_database.php on line 336, referer: http://localhost:4001/RU/index.shtml
[Mon Jun 18 01:49:03.977061 2012] [:error] [pid 7328:tid 1092] [client ::1:20011] PHP Warning:  mysqli::mysqli(): (HY000/1045): Access denied for user 'root'@'localhost' (using password: YES) in W:\\www\\moodle\\lib\\dml\\mysqli_native_moodle_database.php on line 296, referer: http://localhost:4001/RU/index.shtml
[Mon Jun 18 01:49:04.079953 2012] [:error] [pid 7328:tid 1092] [client ::1:20011] PHP Warning:  mysqli::close(): Couldn't fetch mysqli in W:\\www\\moodle\\lib\\dml\\mysqli_native_moodle_database.php on line 336, referer: http://localhost:4001/RU/index.shtml
[Mon Jun 18 01:49:46.374666 2012] [:error] [pid 7328:tid 1092] [client ::1:20061] PHP Warning:  mysqli::mysqli(): (HY000/1045): Access denied for user 'root'@'localhost' (using password: YES) in W:\\www\\moodle\\lib\\dml\\mysqli_native_moodle_database.php on line 296, referer: http://localhost:4001/RU/index.shtml
[Mon Jun 18 01:49:46.475565 2012] [:error] [pid 7328:tid 1092] [client ::1:20061] PHP Warning:  mysqli::close(): Couldn't fetch mysqli in W:\\www\\moodle\\lib\\dml\\mysqli_native_moodle_database.php on line 336, referer: http://localhost:4001/RU/index.shtml
[Mon Jun 18 01:49:47.330654 2012] [:error] [pid 7328:tid 1092] [client ::1:20064] PHP Warning:  mysqli::mysqli(): (HY000/1045): Access denied for user 'root'@'localhost' (using password: YES) in W:\\www\\moodle\\lib\\dml\\mysqli_native_moodle_database.php on line 296, referer: http://localhost:4001/RU/index.shtml
[Mon Jun 18 01:49:47.430549 2012] [:error] [pid 7328:tid 1092] [client ::1:20064] PHP Warning:  mysqli::close(): Couldn't fetch mysqli in W:\\www\\moodle\\lib\\dml\\mysqli_native_moodle_database.php on line 336, referer: http://localhost:4001/RU/index.shtml
[Mon Jun 18 01:52:45.978380 2012] [core:warn] [pid 6524:tid 284] AH00098: pid file W:/usr/local/apache2/logs/httpd.pid overwritten -- Unclean shutdown of previous Apache run?
[Mon Jun 18 01:52:45.997360 2012] [mpm_winnt:notice] [pid 6524:tid 284] AH00455: Apache/2.4.2 (Win32) PHP/5.4.0 configured -- resuming normal operations
[Mon Jun 18 01:52:45.997360 2012] [mpm_winnt:notice] [pid 6524:tid 284] AH00456: Server built: Apr  7 2012 13:58:11
[Mon Jun 18 01:52:45.998366 2012] [core:notice] [pid 6524:tid 284] AH00094: Command line: 'W:\\usr\\local\\apache2\\bin\\httpd1.exe -d W:/usr/local/apache2 -f W:\\\\usr\\local\\apache2\\conf\\httpd.conf -d W:\\\\usr\\local\\apache2'
[Mon Jun 18 01:52:45.999358 2012] [mpm_winnt:notice] [pid 6524:tid 284] AH00418: Parent: Created child process 7624
[Mon Jun 18 01:52:46.381283 2012] [mpm_winnt:notice] [pid 7624:tid 408] AH00354: Child: Starting 64 worker threads.
[Mon Jun 18 01:52:48.052484 2012] [:error] [pid 7624:tid 1104] [client ::1:20221] PHP Warning:  mysqli::mysqli(): (HY000/1045): Access denied for user 'root'@'localhost' (using password: YES) in W:\\www\\moodle\\lib\\dml\\mysqli_native_moodle_database.php on line 296, referer: http://localhost:4001/RU/index.shtml
[Mon Jun 18 01:52:48.165368 2012] [:error] [pid 7624:tid 1104] [client ::1:20221] PHP Warning:  mysqli::close(): Couldn't fetch mysqli in W:\\www\\moodle\\lib\\dml\\mysqli_native_moodle_database.php on line 336, referer: http://localhost:4001/RU/index.shtml
[Mon Jun 18 01:56:00.499002 2012] [core:warn] [pid 5652:tid 444] AH00098: pid file W:/usr/local/apache2/logs/httpd.pid overwritten -- Unclean shutdown of previous Apache run?
[Mon Jun 18 01:56:00.525974 2012] [mpm_winnt:notice] [pid 5652:tid 444] AH00455: Apache/2.4.2 (Win32) PHP/5.4.0 configured -- resuming normal operations
[Mon Jun 18 01:56:00.525974 2012] [mpm_winnt:notice] [pid 5652:tid 444] AH00456: Server built: Apr  7 2012 13:58:11
[Mon Jun 18 01:56:00.525974 2012] [core:notice] [pid 5652:tid 444] AH00094: Command line: 'W:\\usr\\local\\apache2\\bin\\httpd1.exe -d W:/usr/local/apache2 -f W:\\\\usr\\local\\apache2\\conf\\httpd.conf -d W:\\\\usr\\local\\apache2'
[Mon Jun 18 01:56:00.527971 2012] [mpm_winnt:notice] [pid 5652:tid 444] AH00418: Parent: Created child process 6572
[Mon Jun 18 01:56:00.899579 2012] [mpm_winnt:notice] [pid 6572:tid 656] AH00354: Child: Starting 64 worker threads.
[Mon Jun 18 02:46:27.873643 2012] [core:warn] [pid 8160:tid 164] AH00098: pid file W:/usr/local/apache2/logs/httpd.pid overwritten -- Unclean shutdown of previous Apache run?
[Mon Jun 18 02:46:27.897617 2012] [mpm_winnt:notice] [pid 8160:tid 164] AH00455: Apache/2.4.2 (Win32) PHP/5.4.0 configured -- resuming normal operations
[Mon Jun 18 02:46:27.897617 2012] [mpm_winnt:notice] [pid 8160:tid 164] AH00456: Server built: Apr  7 2012 13:58:11
[Mon Jun 18 02:46:27.897617 2012] [core:notice] [pid 8160:tid 164] AH00094: Command line: 'W:\\usr\\local\\apache2\\bin\\httpd1.exe -d W:/usr/local/apache2 -f W:\\\\usr\\local\\apache2\\conf\\httpd.conf -d W:\\\\usr\\local\\apache2'
[Mon Jun 18 02:46:27.898616 2012] [mpm_winnt:notice] [pid 8160:tid 164] AH00418: Parent: Created child process 3288
[Mon Jun 18 02:46:28.294199 2012] [mpm_winnt:notice] [pid 3288:tid 440] AH00354: Child: Starting 64 worker threads.
[Mon Jun 18 02:48:35.104404 2012] [:error] [pid 3288:tid 1088] [client ::1:24492] Can not generate keypair, sorry, referer: http://localhost:4001/moodle/
[Mon Jun 18 02:50:13.776285 2012] [:error] [pid 3288:tid 1088] [client ::1:24625] PHP Notice:  cURL request for "http://bloodninja.dyndns.org" failed, HTTP response code: HTTP/1.0 401 Unauthorized\r\n<ul style="text-align: left"><li>line 1153 of \\lib\\filelib.php: call to debugging()</li><li>line 70 of \\mnet\\peer.php: call to download_file_content()</li><li>line 91 of \\admin\\mnet\\peers.php: call to mnet_peer->bootstrap()</li></ul> in W:\\www\\moodle\\lib\\weblib.php on line 2751, referer: http://localhost:4001/moodle/admin/mnet/peers.php
[Mon Jun 18 02:50:13.818525 2012] [:error] [pid 3288:tid 1088] [client ::1:24625] Can not generate keypair, sorry, referer: http://localhost:4001/moodle/admin/mnet/peers.php
[Mon Jun 18 02:50:13.825517 2012] [:error] [pid 3288:tid 1088] [client ::1:24625] PHP Notice:  Request for http://bloodninja.dyndns.org failed with HTTP code 401<ul style="text-align: left"><li>line 111 of \\mnet\\lib.php: call to debugging()</li><li>line 90 of \\mnet\\peer.php: call to mnet_get_public_key()</li><li>line 91 of \\admin\\mnet\\peers.php: call to mnet_peer->bootstrap()</li></ul> in W:\\www\\moodle\\lib\\weblib.php on line 2751, referer: http://localhost:4001/moodle/admin/mnet/peers.php
[Mon Jun 18 02:50:13.825517 2012] [:error] [pid 3288:tid 1088] [client ::1:24625] PHP Notice:  Request for http://bloodninja.dyndns.org returned empty response<ul style="text-align: left"><li>line 134 of \\mnet\\lib.php: call to debugging()</li><li>line 90 of \\mnet\\peer.php: call to mnet_get_public_key()</li><li>line 91 of \\admin\\mnet\\peers.php: call to mnet_peer->bootstrap()</li></ul> in W:\\www\\moodle\\lib\\weblib.php on line 2751, referer: http://localhost:4001/moodle/admin/mnet/peers.php
[Mon Jun 18 02:50:42.735032 2012] [:error] [pid 3288:tid 1088] [client ::1:24692] Can not generate keypair, sorry, referer: http://localhost:4001/moodle/admin/mnet/peers.php
[Mon Jun 18 02:53:37.166499 2012] [:error] [pid 3288:tid 1088] [client ::1:25040] Can not generate keypair, sorry, referer: http://localhost:4001/moodle/admin/mnet/access_control.php
[Mon Jun 18 02:54:04.731755 2012] [:error] [pid 3288:tid 1088] [client ::1:25118] Can not generate keypair, sorry, referer: http://localhost:4001/moodle/admin/settings.php?section=manageauths
[Mon Jun 18 02:54:06.855787 2012] [:error] [pid 3288:tid 1088] [client ::1:25118] Can not generate keypair, sorry, referer: http://localhost:4001/moodle/admin/settings.php?section=manageauths
[Mon Jun 18 03:05:37.646761 2012] [core:warn] [pid 3108:tid 264] AH00098: pid file W:/usr/local/apache2/logs/httpd.pid overwritten -- Unclean shutdown of previous Apache run?
[Mon Jun 18 03:05:37.665741 2012] [mpm_winnt:notice] [pid 3108:tid 264] AH00455: Apache/2.4.2 (Win32) PHP/5.4.0 configured -- resuming normal operations
[Mon Jun 18 03:05:37.665741 2012] [mpm_winnt:notice] [pid 3108:tid 264] AH00456: Server built: Apr  7 2012 13:58:11
[Mon Jun 18 03:05:37.665741 2012] [core:notice] [pid 3108:tid 264] AH00094: Command line: 'W:\\usr\\local\\apache2\\bin\\httpd1.exe -d W:/usr/local/apache2 -f W:\\\\usr\\local\\apache2\\conf\\httpd.conf -d W:\\\\usr\\local\\apache2'
[Mon Jun 18 03:05:37.666741 2012] [mpm_winnt:notice] [pid 3108:tid 264] AH00418: Parent: Created child process 7980
[Mon Jun 18 03:05:38.210135 2012] [mpm_winnt:notice] [pid 7980:tid 432] AH00354: Child: Starting 64 worker threads.
[Mon Jun 18 09:06:54.323063 2012] [core:warn] [pid 4532:tid 244] AH00098: pid file W:/usr/local/apache2/logs/httpd.pid overwritten -- Unclean shutdown of previous Apache run?
[Mon Jun 18 09:06:57.346309 2012] [mpm_winnt:notice] [pid 4532:tid 244] AH00455: Apache/2.4.2 (Win32) PHP/5.4.0 configured -- resuming normal operations
[Mon Jun 18 09:06:57.346309 2012] [mpm_winnt:notice] [pid 4532:tid 244] AH00456: Server built: Apr  7 2012 13:58:11
[Mon Jun 18 09:06:57.346309 2012] [core:notice] [pid 4532:tid 244] AH00094: Command line: 'W:\\usr\\local\\apache2\\bin\\httpd1.exe -d W:/usr/local/apache2 -f W:\\\\usr\\local\\apache2\\conf\\httpd.conf -d W:\\\\usr\\local\\apache2'
[Mon Jun 18 09:06:57.348307 2012] [mpm_winnt:notice] [pid 4532:tid 244] AH00418: Parent: Created child process 2036
[Mon Jun 18 09:06:57.766499 2012] [mpm_winnt:notice] [pid 2036:tid 584] AH00354: Child: Starting 64 worker threads.
[Mon Jun 18 09:10:05.089890 2012] [core:warn] [pid 4756:tid 256] AH00098: pid file W:/usr/local/apache2/logs/httpd.pid overwritten -- Unclean shutdown of previous Apache run?
[Mon Jun 18 09:10:05.107872 2012] [mpm_winnt:notice] [pid 4756:tid 256] AH00455: Apache/2.4.2 (Win32) PHP/5.4.0 configured -- resuming normal operations
[Mon Jun 18 09:10:05.107872 2012] [mpm_winnt:notice] [pid 4756:tid 256] AH00456: Server built: Apr  7 2012 13:58:11
[Mon Jun 18 09:10:05.107872 2012] [core:notice] [pid 4756:tid 256] AH00094: Command line: 'W:\\usr\\local\\apache2\\bin\\httpd1.exe -d W:/usr/local/apache2 -f W:\\\\usr\\local\\apache2\\conf\\httpd.conf -d W:\\\\usr\\local\\apache2'
[Mon Jun 18 09:10:05.109871 2012] [mpm_winnt:notice] [pid 4756:tid 256] AH00418: Parent: Created child process 2864
[Mon Jun 18 09:10:05.502936 2012] [mpm_winnt:notice] [pid 2864:tid 460] AH00354: Child: Starting 64 worker threads.
[Mon Jun 18 09:12:12.996939 2012] [core:warn] [pid 936:tid 264] AH00098: pid file W:/usr/local/apache2/logs/httpd.pid overwritten -- Unclean shutdown of previous Apache run?
[Mon Jun 18 09:12:13.014921 2012] [mpm_winnt:notice] [pid 936:tid 264] AH00455: Apache/2.4.2 (Win32) PHP/5.4.0 configured -- resuming normal operations
[Mon Jun 18 09:12:13.014921 2012] [mpm_winnt:notice] [pid 936:tid 264] AH00456: Server built: Apr  7 2012 13:58:11
[Mon Jun 18 09:12:13.014921 2012] [core:notice] [pid 936:tid 264] AH00094: Command line: 'W:\\usr\\local\\apache2\\bin\\httpd1.exe -d W:/usr/local/apache2 -f W:\\\\usr\\local\\apache2\\conf\\httpd.conf -d W:\\\\usr\\local\\apache2'
[Mon Jun 18 09:12:13.015919 2012] [mpm_winnt:notice] [pid 936:tid 264] AH00418: Parent: Created child process 4208
[Mon Jun 18 09:12:13.467941 2012] [mpm_winnt:notice] [pid 4208:tid 428] AH00354: Child: Starting 64 worker threads.
[Mon Jun 18 09:14:50.535762 2012] [core:warn] [pid 5608:tid 372] AH00098: pid file W:/usr/local/apache2/logs/httpd.pid overwritten -- Unclean shutdown of previous Apache run?
[Mon Jun 18 09:14:50.552744 2012] [mpm_winnt:notice] [pid 5608:tid 372] AH00455: Apache/2.4.2 (Win32) PHP/5.4.0 configured -- resuming normal operations
[Mon Jun 18 09:14:50.552744 2012] [mpm_winnt:notice] [pid 5608:tid 372] AH00456: Server built: Apr  7 2012 13:58:11
[Mon Jun 18 09:14:50.552744 2012] [core:notice] [pid 5608:tid 372] AH00094: Command line: 'W:\\usr\\local\\apache2\\bin\\httpd1.exe -d W:/usr/local/apache2 -f W:\\\\usr\\local\\apache2\\conf\\httpd.conf -d W:\\\\usr\\local\\apache2'
[Mon Jun 18 09:14:50.554743 2012] [mpm_winnt:notice] [pid 5608:tid 372] AH00418: Parent: Created child process 5752
[Mon Jun 18 09:14:50.946333 2012] [mpm_winnt:notice] [pid 5752:tid 452] AH00354: Child: Starting 64 worker threads.
[Mon Jun 18 09:15:11.903165 2012] [:error] [pid 5752:tid 1104] [client ::1:8769] Can not generate keypair, sorry, referer: http://localhost:4001/moodle/index.php
[Mon Jun 18 09:15:19.773885 2012] [:error] [pid 5752:tid 1104] [client ::1:8793] Can not generate keypair, sorry, referer: http://localhost:4001/moodle/login/index.php
[Mon Jun 18 09:15:43.125559 2012] [:error] [pid 5752:tid 1104] [client ::1:8858] Can not generate keypair, sorry, referer: http://localhost:4001/moodle/index.php
[Mon Jun 18 09:17:09.505599 2012] [core:warn] [pid 5088:tid 276] AH00098: pid file W:/usr/local/apache2/logs/httpd.pid overwritten -- Unclean shutdown of previous Apache run?
[Mon Jun 18 09:17:09.524580 2012] [mpm_winnt:notice] [pid 5088:tid 276] AH00455: Apache/2.4.2 (Win32) PHP/5.4.0 configured -- resuming normal operations
[Mon Jun 18 09:17:09.524580 2012] [mpm_winnt:notice] [pid 5088:tid 276] AH00456: Server built: Apr  7 2012 13:58:11
[Mon Jun 18 09:17:09.524580 2012] [core:notice] [pid 5088:tid 276] AH00094: Command line: 'W:\\usr\\local\\apache2\\bin\\httpd1.exe -d W:/usr/local/apache2 -f W:\\\\usr\\local\\apache2\\conf\\httpd.conf -d W:\\\\usr\\local\\apache2'
[Mon Jun 18 09:17:09.525579 2012] [mpm_winnt:notice] [pid 5088:tid 276] AH00418: Parent: Created child process 3324
[Mon Jun 18 09:17:09.893194 2012] [mpm_winnt:notice] [pid 3324:tid 640] AH00354: Child: Starting 64 worker threads.
[Mon Jun 18 09:24:33.798160 2012] [core:warn] [pid 4940:tid 264] AH00098: pid file W:/usr/local/apache2/logs/httpd.pid overwritten -- Unclean shutdown of previous Apache run?
[Mon Jun 18 09:24:33.818138 2012] [mpm_winnt:notice] [pid 4940:tid 264] AH00455: Apache/2.4.2 (Win32) PHP/5.4.0 configured -- resuming normal operations
[Mon Jun 18 09:24:33.818138 2012] [mpm_winnt:notice] [pid 4940:tid 264] AH00456: Server built: Apr  7 2012 13:58:11
[Mon Jun 18 09:24:33.818138 2012] [core:notice] [pid 4940:tid 264] AH00094: Command line: 'W:\\usr\\local\\apache2\\bin\\httpd1.exe -d W:/usr/local/apache2 -f W:\\\\usr\\local\\apache2\\conf\\httpd.conf -d W:\\\\usr\\local\\apache2'
[Mon Jun 18 09:24:33.819137 2012] [mpm_winnt:notice] [pid 4940:tid 264] AH00418: Parent: Created child process 76
[Mon Jun 18 09:24:34.189212 2012] [mpm_winnt:notice] [pid 76:tid 580] AH00354: Child: Starting 64 worker threads.
[Mon Jun 18 09:25:23.890603 2012] [core:warn] [pid 744:tid 352] AH00098: pid file W:/usr/local/apache2/logs/httpd.pid overwritten -- Unclean shutdown of previous Apache run?
[Mon Jun 18 09:25:23.908584 2012] [mpm_winnt:notice] [pid 744:tid 352] AH00455: Apache/2.4.2 (Win32) PHP/5.4.0 configured -- resuming normal operations
[Mon Jun 18 09:25:23.908584 2012] [mpm_winnt:notice] [pid 744:tid 352] AH00456: Server built: Apr  7 2012 13:58:11
[Mon Jun 18 09:25:23.908584 2012] [core:notice] [pid 744:tid 352] AH00094: Command line: 'W:\\usr\\local\\apache2\\bin\\httpd1.exe -d W:/usr/local/apache2 -f W:\\\\usr\\local\\apache2\\conf\\httpd.conf -d W:\\\\usr\\local\\apache2'
[Mon Jun 18 09:25:23.909587 2012] [mpm_winnt:notice] [pid 744:tid 352] AH00418: Parent: Created child process 3100
[Mon Jun 18 09:25:24.283158 2012] [mpm_winnt:notice] [pid 3100:tid 456] AH00354: Child: Starting 64 worker threads.
[Mon Jun 18 09:27:55.279257 2012] [core:warn] [pid 5464:tid 264] AH00098: pid file W:/usr/local/apache2/logs/httpd.pid overwritten -- Unclean shutdown of previous Apache run?
[Mon Jun 18 09:27:55.297238 2012] [mpm_winnt:notice] [pid 5464:tid 264] AH00455: Apache/2.4.2 (Win32) PHP/5.4.0 configured -- resuming normal operations
[Mon Jun 18 09:27:55.297238 2012] [mpm_winnt:notice] [pid 5464:tid 264] AH00456: Server built: Apr  7 2012 13:58:11
[Mon Jun 18 09:27:55.297238 2012] [core:notice] [pid 5464:tid 264] AH00094: Command line: 'W:\\usr\\local\\apache2\\bin\\httpd1.exe -d W:/usr/local/apache2 -f W:\\\\usr\\local\\apache2\\conf\\httpd.conf -d W:\\\\usr\\local\\apache2'
[Mon Jun 18 09:27:55.298237 2012] [mpm_winnt:notice] [pid 5464:tid 264] AH00418: Parent: Created child process 4636
[Mon Jun 18 09:27:55.672489 2012] [mpm_winnt:notice] [pid 4636:tid 440] AH00354: Child: Starting 64 worker threads.
[Mon Jun 18 09:28:57.286801 2012] [:error] [pid 4636:tid 1096] [client ::1:10469] Can not generate keypair, sorry, referer: http://localhost:4001/moodle/index.php
[Mon Jun 18 09:31:16.594749 2012] [:error] [pid 4636:tid 1096] [client ::1:10764] Can not generate keypair, sorry, referer: http://localhost:4001/moodle/index.php
[Mon Jun 18 09:31:38.484363 2012] [core:warn] [pid 5476:tid 276] AH00098: pid file W:/usr/local/apache2/logs/httpd.pid overwritten -- Unclean shutdown of previous Apache run?
[Mon Jun 18 09:31:38.501344 2012] [mpm_winnt:notice] [pid 5476:tid 276] AH00455: Apache/2.4.2 (Win32) PHP/5.4.0 configured -- resuming normal operations
[Mon Jun 18 09:31:38.501344 2012] [mpm_winnt:notice] [pid 5476:tid 276] AH00456: Server built: Apr  7 2012 13:58:11
[Mon Jun 18 09:31:38.501344 2012] [core:notice] [pid 5476:tid 276] AH00094: Command line: 'W:\\usr\\local\\apache2\\bin\\httpd1.exe -d W:/usr/local/apache2 -f W:\\\\usr\\local\\apache2\\conf\\httpd.conf -d W:\\\\usr\\local\\apache2'
[Mon Jun 18 09:31:38.502343 2012] [mpm_winnt:notice] [pid 5476:tid 276] AH00418: Parent: Created child process 5244
[Mon Jun 18 09:31:38.888896 2012] [mpm_winnt:notice] [pid 5244:tid 676] AH00354: Child: Starting 64 worker threads.
[Mon Jun 18 09:31:44.582419 2012] [:error] [pid 5244:tid 1104] [client 127.0.0.1:10814] Can not generate keypair, sorry, referer: http://localhost:4001/moodle/index.php
[Mon Jun 18 09:31:48.962673 2012] [:error] [pid 5244:tid 1104] [client 127.0.0.1:10814] Can not generate keypair, sorry, referer: http://localhost:4001/moodle/index.php
[Mon Jun 18 09:31:52.443062 2012] [:error] [pid 5244:tid 1104] [client 127.0.0.1:10814] Can not generate keypair, sorry, referer: http://localhost:4001/moodle/index.php
[Mon Jun 18 09:31:55.578830 2012] [:error] [pid 5244:tid 1104] [client 127.0.0.1:10814] Can not generate keypair, sorry, referer: http://localhost:4001/moodle/index.php
[Mon Jun 18 09:36:19.495280 2012] [:error] [pid 5244:tid 1088] [client ::1:11524] Can not generate keypair, sorry, referer: http://localhost:4001/moodle/index.php
[Mon Jun 18 09:40:12.712637 2012] [:error] [pid 5244:tid 1104] [client ::1:12177] Can not generate keypair, sorry, referer: http://localhost:4001/moodle/index.php
[Mon Jun 18 09:53:34.646210 2012] [core:warn] [pid 5364:tid 448] AH00098: pid file W:/usr/local/apache2/logs/httpd.pid overwritten -- Unclean shutdown of previous Apache run?
[Mon Jun 18 09:53:34.668187 2012] [mpm_winnt:notice] [pid 5364:tid 448] AH00455: Apache/2.4.2 (Win32) PHP/5.4.0 configured -- resuming normal operations
[Mon Jun 18 09:53:34.668187 2012] [mpm_winnt:notice] [pid 5364:tid 448] AH00456: Server built: Apr  7 2012 13:58:11
[Mon Jun 18 09:53:34.668187 2012] [core:notice] [pid 5364:tid 448] AH00094: Command line: 'W:\\usr\\local\\apache2\\bin\\httpd1.exe -d W:/usr/local/apache2 -f W:\\\\usr\\local\\apache2\\conf\\httpd.conf -d W:\\\\usr\\local\\apache2'
[Mon Jun 18 09:53:34.670185 2012] [mpm_winnt:notice] [pid 5364:tid 448] AH00418: Parent: Created child process 5676
[Mon Jun 18 09:53:35.035804 2012] [mpm_winnt:notice] [pid 5676:tid 452] AH00354: Child: Starting 64 worker threads.
[Mon Jun 18 09:53:43.154920 2012] [:error] [pid 5676:tid 1096] [client ::1:13949] Can not generate keypair, sorry, referer: http://localhost:4001/moodle/index.php
[Mon Jun 18 09:56:59.812048 2012] [:error] [pid 5676:tid 1096] [client ::1:14346] Can not generate keypair, sorry, referer: http://localhost:4001/moodle/index.php
[Mon Jun 18 10:08:42.286805 2012] [:error] [pid 5676:tid 1096] [client ::1:15571] Can not generate keypair, sorry, referer: http://localhost:4001/moodle/index.php
[Mon Jun 18 10:13:08.654380 2012] [:error] [pid 5676:tid 1092] [client ::1:15953] Can not generate keypair, sorry, referer: http://localhost:4001/moodle/admin/settings.php
[Mon Jun 18 10:13:19.007973 2012] [:error] [pid 5676:tid 1084] [client ::1:15969] Can not generate keypair, sorry, referer: http://localhost:4001/moodle/admin/settings.php
[Mon Jun 18 10:13:23.135637 2012] [:error] [pid 5676:tid 1084] [client ::1:15969] Can not generate keypair, sorry, referer: http://localhost:4001/moodle/admin/mnet/index.php
[Mon Jun 18 10:16:10.526750 2012] [core:warn] [pid 52:tid 456] AH00098: pid file W:/usr/local/apache2/logs/httpd.pid overwritten -- Unclean shutdown of previous Apache run?
[Mon Jun 18 10:16:10.544731 2012] [mpm_winnt:notice] [pid 52:tid 456] AH00455: Apache/2.4.2 (Win32) PHP/5.4.0 configured -- resuming normal operations
[Mon Jun 18 10:16:10.544731 2012] [mpm_winnt:notice] [pid 52:tid 456] AH00456: Server built: Apr  7 2012 13:58:11
[Mon Jun 18 10:16:10.544731 2012] [core:notice] [pid 52:tid 456] AH00094: Command line: 'W:\\usr\\local\\apache2\\bin\\httpd1.exe -d W:/usr/local/apache2 -f W:\\\\usr\\local\\apache2\\conf\\httpd.conf -d W:\\\\usr\\local\\apache2'
[Mon Jun 18 10:16:10.546729 2012] [mpm_winnt:notice] [pid 52:tid 456] AH00418: Parent: Created child process 1456
[Mon Jun 18 10:16:10.912346 2012] [mpm_winnt:notice] [pid 1456:tid 584] AH00354: Child: Starting 64 worker threads.
[Mon Jun 18 10:16:17.665805 2012] [:error] [pid 1456:tid 1104] [client 127.0.0.1:16285] Can not generate keypair, sorry, referer: http://localhost:4001/moodle/index.php
[Mon Jun 18 10:16:22.738280 2012] [:error] [pid 1456:tid 1104] [client 127.0.0.1:16285] Can not generate keypair, sorry, referer: http://localhost:4001/moodle/index.php
[Mon Jun 18 10:16:37.840914 2012] [:error] [pid 1456:tid 1104] [client ::1:16342] New public key has been generated. It expires 2012/07/16 06:16:37, referer: http://localhost:4001/moodle/index.php
[Mon Jun 18 10:18:58.011945 2012] [core:warn] [pid 5996:tid 264] AH00098: pid file W:/usr/local/apache2/logs/httpd.pid overwritten -- Unclean shutdown of previous Apache run?
[Mon Jun 18 10:18:58.029920 2012] [mpm_winnt:notice] [pid 5996:tid 264] AH00455: Apache/2.4.2 (Win32) PHP/5.4.0 configured -- resuming normal operations
[Mon Jun 18 10:18:58.029920 2012] [mpm_winnt:notice] [pid 5996:tid 264] AH00456: Server built: Apr  7 2012 13:58:11
[Mon Jun 18 10:18:58.029920 2012] [core:notice] [pid 5996:tid 264] AH00094: Command line: 'W:\\usr\\local\\apache2\\bin\\httpd1.exe -d W:/usr/local/apache2 -f W:\\\\usr\\local\\apache2\\conf\\httpd.conf -d W:\\\\usr\\local\\apache2'
[Mon Jun 18 10:18:58.031917 2012] [mpm_winnt:notice] [pid 5996:tid 264] AH00418: Parent: Created child process 4548
[Mon Jun 18 10:18:58.392534 2012] [mpm_winnt:notice] [pid 4548:tid 428] AH00354: Child: Starting 64 worker threads.
[Mon Jun 18 10:19:45.520325 2012] [core:warn] [pid 5356:tid 508] AH00098: pid file W:/usr/local/apache2/logs/httpd.pid overwritten -- Unclean shutdown of previous Apache run?
[Mon Jun 18 10:19:45.538308 2012] [mpm_winnt:notice] [pid 5356:tid 508] AH00455: Apache/2.4.2 (Win32) PHP/5.4.0 configured -- resuming normal operations
[Mon Jun 18 10:19:45.538308 2012] [mpm_winnt:notice] [pid 5356:tid 508] AH00456: Server built: Apr  7 2012 13:58:11
[Mon Jun 18 10:19:45.538308 2012] [core:notice] [pid 5356:tid 508] AH00094: Command line: 'W:\\usr\\local\\apache2\\bin\\httpd1.exe -d W:/usr/local/apache2 -f W:\\\\usr\\local\\apache2\\conf\\httpd.conf -d W:\\\\usr\\local\\apache2'
[Mon Jun 18 10:19:45.539306 2012] [mpm_winnt:notice] [pid 5356:tid 508] AH00418: Parent: Created child process 5608
[Mon Jun 18 10:19:45.922441 2012] [mpm_winnt:notice] [pid 5608:tid 428] AH00354: Child: Starting 64 worker threads.
